<?xml version="1.0" encoding="UTF-8"?>
<!-- Generated by org.testng.reporters.JUnitReportReporter -->
<testsuite skipped="0" hostname="swathi" name="com.clusters.test.regression.TestNGClass1" tests="1" failures="0" timestamp="02 Apr 2018 16:54:24 GMT" time="0.000" errors="0">
  <testcase name="test12" time="0.000" classname="com.clusters.test.regression.TestNGClass1"/>
</testsuite> <!-- com.clusters.test.regression.TestNGClass1 -->
